

Microchip MPLAB XC8 Assembler V2.20 build 20200408173844 
                                                                                               Thu Aug 20 21:41:21 2020

Microchip MPLAB XC8 C Compiler v2.20 (Free license) build 20200408173844 Og1 
     1                           	processor	18F2550
     2                           	fnconf	rparam,??,?,0
     3                           	pagewidth 120
     4                           	opt	flic
     5                           	psect	idataCOMRAM,global,class=CODE,delta=1,noexec
     6                           	psect	smallconst,global,reloc=2,class=SMALLCONST,delta=1,noexec
     7                           	psect	cinit,global,reloc=2,class=CODE,delta=1
     8                           	psect	bssCOMRAM,global,class=COMRAM,space=1,delta=1,lowdata,noexec
     9                           	psect	dataCOMRAM,global,class=COMRAM,space=1,delta=1,lowdata,noexec
    10                           	psect	cstackCOMRAM,global,class=COMRAM,space=1,delta=1,lowdata,noexec
    11                           	psect	text0,global,reloc=2,class=CODE,delta=1
    12                           	psect	text1,global,reloc=2,class=CODE,delta=1
    13                           	psect	text2,global,reloc=2,class=CODE,delta=1
    14                           	psect	text3,global,reloc=2,class=CODE,delta=1
    15                           	psect	text4,global,reloc=2,class=CODE,delta=1
    16                           	psect	text5,global,reloc=2,class=CODE,delta=1
    17                           	psect	text6,global,reloc=2,class=CODE,delta=1
    18                           	psect	text7,global,reloc=2,class=CODE,delta=1
    19                           	psect	intsave_regs,global,class=BIGRAM,space=1,delta=1,noexec
    20                           	psect	rparam,global,class=COMRAM,space=1,delta=1,noexec
    21                           	psect	idloc,global,abs,ovrld,class=IDLOC,space=5,delta=1,noexec
    22                           	psect	config,global,abs,ovrld,class=CONFIG,space=4,delta=1,noexec
    23  0000                     
    24                           ; Version 2.20
    25                           ; Generated 12/02/2020 GMT
    26                           ; 
    27                           ; Copyright © 2020, Microchip Technology Inc. and its subsidiaries ("Microchip")
    28                           ; All rights reserved.
    29                           ; 
    30                           ; This software is developed by Microchip Technology Inc. and its subsidiaries ("Microch
      +                          ip").
    31                           ; 
    32                           ; Redistribution and use in source and binary forms, with or without modification, are
    33                           ; permitted provided that the following conditions are met:
    34                           ; 
    35                           ;     1. Redistributions of source code must retain the above copyright notice, this lis
      +                          t of
    36                           ;        conditions and the following disclaimer.
    37                           ; 
    38                           ;     2. Redistributions in binary form must reproduce the above copyright notice, this 
      +                          list
    39                           ;        of conditions and the following disclaimer in the documentation and/or other
    40                           ;        materials provided with the distribution.
    41                           ; 
    42                           ;     3. Microchip's name may not be used to endorse or promote products derived from th
      +                          is
    43                           ;        software without specific prior written permission.
    44                           ; 
    45                           ; THIS SOFTWARE IS PROVIDED BY MICROCHIP "AS IS" AND ANY EXPRESS OR IMPLIED WARRANTIES,
    46                           ; INCLUDING, BUT NOT LIMITED TO, THE IMPLIED WARRANTIES OF MERCHANTABILITY AND FITNESS F
      +                          OR
    47                           ; PURPOSE ARE DISCLAIMED.  IN NO EVENT SHALL MICROCHIP BE LIABLE FOR ANY DIRECT, INDIREC
      +                          T,
    48                           ; INCIDENTAL, SPECIAL, EXEMPLARY, OR CONSEQUENTIAL DAMAGES (INCLUDING BUT NOT LIMITED TO
    49                           ; PROCUREMENT OF SUBSTITUTE GOODS OR SERVICES; LOSS OF USE, DATA OR PROFITS; OR BUSINESS
    50                           ; INTERRUPTION) HOWSOEVER CAUSED AND ON ANY THEORY OF LIABILITY, WHETHER IN CONTRACT, ST
      +                          RICT
    51                           ; LIABILITY, OR TORT (INCLUDING NEGLIGENCE OR OTHERWISE) ARISING IN ANY WAY OUT OF THE U
      +                          SE OF
    52                           ; THIS SOFTWARE, EVEN IF ADVISED OF THE POSSIBILITY OF SUCH DAMAGE.
    53                           ; 
    54                           ; 
    55                           ; Code-generator required, PIC18F2550 Definitions
    56                           ; 
    57                           ; SFR Addresses
    58  0000                     
    59                           	psect	idataCOMRAM
    60  000B2C                     __pidataCOMRAM:
    61                           	callstack 0
    62                           
    63                           ;initializer for lcd_setCursor@F2845
    64  000B2C  C0                 	db	192
    65  000B2D  C1                 	db	193
    66  000B2E  C2                 	db	194
    67  000B2F  C3                 	db	195
    68  000B30  C4                 	db	196
    69  000B31  C5                 	db	197
    70  000B32  C6                 	db	198
    71  000B33  C7                 	db	199
    72  000B34  C8                 	db	200
    73  000B35  C9                 	db	201
    74  000B36  CA                 	db	202
    75  000B37  CB                 	db	203
    76  000B38  CC                 	db	204
    77  000B39  CD                 	db	205
    78  000B3A  CF                 	db	207
    79                           
    80                           ;initializer for lcd_setCursor@F2843
    81  000B3B  80                 	db	128
    82  000B3C  81                 	db	129
    83  000B3D  82                 	db	130
    84  000B3E  83                 	db	131
    85  000B3F  84                 	db	132
    86  000B40  85                 	db	133
    87  000B41  86                 	db	134
    88  000B42  87                 	db	135
    89  000B43  88                 	db	136
    90  000B44  89                 	db	137
    91  000B45  8A                 	db	138
    92  000B46  8B                 	db	139
    93  000B47  8C                 	db	140
    94  000B48  8D                 	db	141
    95  000B49  8F                 	db	143
    96                           
    97                           ;initializer for _DISPLAY_CONTROL
    98  000B4A  0E                 	db	14
    99  0000                     _PORTBbits	set	3969
   100  0000                     _PORTCbits	set	3970
   101  0000                     _TRISCbits	set	3988
   102  0000                     _TRISBbits	set	3987
   103                           
   104                           	psect	smallconst
   105  000800                     __psmallconst:
   106                           	callstack 0
   107  000800  00                 	db	0
   108  000801                     STR_2:
   109  000801  43                 	db	67	;'C'
   110  000802  6F                 	db	111	;'o'
   111  000803  6D                 	db	109	;'m'
   112  000804  75                 	db	117	;'u'
   113  000805  6E                 	db	110	;'n'
   114  000806  75                 	db	117	;'u'
   115  000807  6E                 	db	110	;'n'
   116  000808  69                 	db	105	;'i'
   117  000809  2E                 	db	46
   118  00080A  20                 	db	32
   119  00080B  38                 	db	56	;'8'
   120  00080C  20                 	db	32
   121  00080D  42                 	db	66	;'B'
   122  00080E  69                 	db	105	;'i'
   123  00080F  74                 	db	116	;'t'
   124  000810  73                 	db	115	;'s'
   125  000811  00                 	db	0
   126  000812                     STR_3:
   127  000812  4C                 	db	76	;'L'
   128  000813  43                 	db	67	;'C'
   129  000814  44                 	db	68	;'D'
   130  000815  20                 	db	32
   131  000816  53                 	db	83	;'S'
   132  000817  54                 	db	84	;'T'
   133  000818  41                 	db	65	;'A'
   134  000819  52                 	db	82	;'R'
   135  00081A  54                 	db	84	;'T'
   136  00081B  49                 	db	73	;'I'
   137  00081C  4E                 	db	78	;'N'
   138  00081D  47                 	db	71	;'G'
   139  00081E  2E                 	db	46
   140  00081F  2E                 	db	46
   141  000820  2E                 	db	46
   142  000821  00                 	db	0
   143  000822                     STR_1:
   144  000822  50                 	db	80	;'P'
   145  000823  49                 	db	73	;'I'
   146  000824  43                 	db	67	;'C'
   147  000825  31                 	db	49	;'1'
   148  000826  38                 	db	56	;'8'
   149  000827  46                 	db	70	;'F'
   150  000828  32                 	db	50	;'2'
   151  000829  35                 	db	53	;'5'
   152  00082A  35                 	db	53	;'5'
   153  00082B  30                 	db	48	;'0'
   154  00082C  20                 	db	32
   155  00082D  4C                 	db	76	;'L'
   156  00082E  43                 	db	67	;'C'
   157  00082F  44                 	db	68	;'D'
   158  000830  00                 	db	0
   159  000831  00                 	db	0	; dummy byte at the end
   160  0000                     
   161                           ; #config settings
   162                           
   163                           	psect	cinit
   164  000ABC                     __pcinit:
   165                           	callstack 0
   166  000ABC                     start_initialization:
   167                           	callstack 0
   168  000ABC                     __initialization:
   169                           	callstack 0
   170                           
   171                           ; Initialize objects allocated to COMRAM (31 bytes)
   172                           ; load TBLPTR registers with __pidataCOMRAM
   173  000ABC  0E2C               	movlw	low __pidataCOMRAM
   174  000ABE  6EF6               	movwf	tblptrl,c
   175  000AC0  0E0B               	movlw	high __pidataCOMRAM
   176  000AC2  6EF7               	movwf	tblptrh,c
   177  000AC4  0E00               	movlw	low (__pidataCOMRAM shr (0+16))
   178  000AC6  6EF8               	movwf	tblptru,c
   179  000AC8  EE00  F030         	lfsr	0,__pdataCOMRAM
   180  000ACC  EE10 F01F          	lfsr	1,31
   181  000AD0                     copy_data0:
   182  000AD0  0009               	tblrd		*+
   183  000AD2  CFF5 FFEE          	movff	tablat,postinc0
   184  000AD6  50E5               	movf	postdec1,w,c
   185  000AD8  50E1               	movf	fsr1l,w,c
   186  000ADA  E1FA               	bnz	copy_data0
   187                           
   188                           ; Clear objects allocated to COMRAM (1 bytes)
   189  000ADC  6A4F               	clrf	__pbssCOMRAM& (0+255),c
   190  000ADE                     end_of_initialization:
   191                           	callstack 0
   192  000ADE                     __end_of__initialization:
   193                           	callstack 0
   194  000ADE  0E00               	movlw	low (__Lsmallconst shr (0+16))
   195  000AE0  6EF8               	movwf	tblptru,c
   196  000AE2  0E08               	movlw	high __Lsmallconst
   197  000AE4  6EF7               	movwf	tblptrh,c
   198  000AE6  0100               	movlb	0
   199  000AE8  EF0A  F005         	goto	_main	;jump to C main() function
   200                           
   201                           	psect	bssCOMRAM
   202  00004F                     __pbssCOMRAM:
   203                           	callstack 0
   204  00004F                     _CURSOR_DISPLAY_SHIFT:
   205                           	callstack 0
   206  00004F                     	ds	1
   207                           
   208                           	psect	dataCOMRAM
   209  000030                     __pdataCOMRAM:
   210                           	callstack 0
   211  000030                     lcd_setCursor@F2845:
   212                           	callstack 0
   213  000030                     	ds	15
   214  00003F                     lcd_setCursor@F2843:
   215                           	callstack 0
   216  00003F                     	ds	15
   217  00004E                     _DISPLAY_CONTROL:
   218                           	callstack 0
   219  00004E                     	ds	1
   220                           
   221                           	psect	cstackCOMRAM
   222  000001                     __pcstackCOMRAM:
   223                           	callstack 0
   224  000001                     ??_lcd_cmd:
   225  000001                     
   226                           ; 1 bytes @ 0x0
   227  000001                     	ds	2
   228  000003                     lcd_cmd@cmd:
   229                           	callstack 0
   230                           
   231                           ; 1 bytes @ 0x2
   232  000003                     	ds	1
   233  000004                     ??_lcd_display_OFF:
   234  000004                     ??_lcd_display_ON:
   235  000004                     ??_lcd_clear:
   236  000004                     lcd_setCursor@row:
   237                           	callstack 0
   238                           
   239                           ; 1 bytes @ 0x3
   240  000004                     	ds	1
   241  000005                     ??_lcd_setCursor:
   242                           
   243                           ; 1 bytes @ 0x4
   244  000005                     	ds	4
   245  000009                     lcd_setCursor@address1:
   246                           	callstack 0
   247                           
   248                           ; 15 bytes @ 0x8
   249  000009                     	ds	15
   250  000018                     lcd_setCursor@address2:
   251                           	callstack 0
   252                           
   253                           ; 15 bytes @ 0x17
   254  000018                     	ds	15
   255  000027                     lcd_setCursor@col:
   256                           	callstack 0
   257                           
   258                           ; 1 bytes @ 0x26
   259  000027                     	ds	1
   260  000028                     lcd_print_Text@row:
   261                           	callstack 0
   262                           
   263                           ; 1 bytes @ 0x27
   264  000028                     	ds	1
   265  000029                     lcd_print_Text@dados:
   266                           	callstack 0
   267                           
   268                           ; 2 bytes @ 0x28
   269  000029                     	ds	2
   270  00002B                     lcd_print_Text@col:
   271                           	callstack 0
   272                           
   273                           ; 1 bytes @ 0x2A
   274  00002B                     	ds	1
   275  00002C                     ??_lcd_start:
   276                           
   277                           ; 1 bytes @ 0x2B
   278  00002C                     	ds	2
   279  00002E                     ??_main:
   280                           
   281                           ; 1 bytes @ 0x2D
   282  00002E                     	ds	2
   283                           
   284 ;;
   285 ;;Main: autosize = 0, tempsize = 2, incstack = 0, save=0
   286 ;;
   287 ;; *************** function _main *****************
   288 ;; Defined at:
   289 ;;		line 50 in file "main.c"
   290 ;; Parameters:    Size  Location     Type
   291 ;;		None
   292 ;; Auto vars:     Size  Location     Type
   293 ;;		None
   294 ;; Return value:  Size  Location     Type
   295 ;;                  1    wreg      void 
   296 ;; Registers used:
   297 ;;		wreg, fsr1l, fsr1h, fsr2l, fsr2h, status,2, status,0, tblptrl, tblptrh, tblptru, cstack
   298 ;; Tracked objects:
   299 ;;		On entry : 0/0
   300 ;;		On exit  : 0/0
   301 ;;		Unchanged: 0/0
   302 ;; Data sizes:     COMRAM   BANK0   BANK1   BANK2   BANK3   BANK4   BANK5   BANK6   BANK7
   303 ;;      Params:         0       0       0       0       0       0       0       0       0
   304 ;;      Locals:         0       0       0       0       0       0       0       0       0
   305 ;;      Temps:          2       0       0       0       0       0       0       0       0
   306 ;;      Totals:         2       0       0       0       0       0       0       0       0
   307 ;;Total ram usage:        2 bytes
   308 ;; Hardware stack levels required when called:    4
   309 ;; This function calls:
   310 ;;		_lcd_display_OFF
   311 ;;		_lcd_display_ON
   312 ;;		_lcd_print_Text
   313 ;;		_lcd_start
   314 ;; This function is called by:
   315 ;;		Startup code after reset
   316 ;; This function uses a non-reentrant model
   317 ;;
   318                           
   319                           	psect	text0
   320  000A14                     __ptext0:
   321                           	callstack 0
   322  000A14                     _main:
   323                           	callstack 27
   324  000A14                     
   325                           ;main.c: 52:     lcd_start();
   326  000A14  ECD2  F004         	call	_lcd_start	;wreg free
   327                           
   328                           ;main.c: 54:     lcd_print_Text(2,1,"PIC18F2550 LCD");
   329  000A18  0E01               	movlw	1
   330  000A1A  6E28               	movwf	lcd_print_Text@row^0,c
   331  000A1C  0E22               	movlw	low STR_1
   332  000A1E  6E29               	movwf	lcd_print_Text@dados^0,c
   333  000A20  0E08               	movlw	high STR_1
   334  000A22  6E2A               	movwf	(lcd_print_Text@dados+1)^0,c
   335  000A24  0E02               	movlw	2
   336  000A26  EC3C  F005         	call	_lcd_print_Text
   337                           
   338                           ;main.c: 55:     lcd_print_Text(1,2,"Comununi. 8 Bits");
   339  000A2A  0E02               	movlw	2
   340  000A2C  6E28               	movwf	lcd_print_Text@row^0,c
   341  000A2E  0E01               	movlw	low STR_2
   342  000A30  6E29               	movwf	lcd_print_Text@dados^0,c
   343  000A32  0E08               	movlw	high STR_2
   344  000A34  6E2A               	movwf	(lcd_print_Text@dados+1)^0,c
   345  000A36  0E01               	movlw	1
   346  000A38  EC3C  F005         	call	_lcd_print_Text
   347  000A3C                     
   348                           ;main.c: 57:      _delay((unsigned long)((2000)*(24000000/4000.0)));
   349  000A3C  0E3D               	movlw	61
   350  000A3E  6E2F               	movwf	(??_main+1)^0,c
   351  000A40  0EE1               	movlw	225
   352  000A42  6E2E               	movwf	??_main^0,c
   353  000A44  0E40               	movlw	64
   354  000A46                     u197:
   355  000A46  2EE8               	decfsz	wreg,f,c
   356  000A48  D7FE               	bra	u197
   357  000A4A  2E2E               	decfsz	??_main^0,f,c
   358  000A4C  D7FC               	bra	u197
   359  000A4E  2E2F               	decfsz	(??_main+1)^0,f,c
   360  000A50  D7FA               	bra	u197
   361  000A52                     
   362                           ;main.c: 58:     lcd_display_OFF();
   363  000A52  EC86  F005         	call	_lcd_display_OFF	;wreg free
   364  000A56                     
   365                           ;main.c: 59:     _delay((unsigned long)((2000)*(24000000/4000.0)));
   366  000A56  0E3D               	movlw	61
   367  000A58  6E2F               	movwf	(??_main+1)^0,c
   368  000A5A  0EE1               	movlw	225
   369  000A5C  6E2E               	movwf	??_main^0,c
   370  000A5E  0E40               	movlw	64
   371  000A60                     u207:
   372  000A60  2EE8               	decfsz	wreg,f,c
   373  000A62  D7FE               	bra	u207
   374  000A64  2E2E               	decfsz	??_main^0,f,c
   375  000A66  D7FC               	bra	u207
   376  000A68  2E2F               	decfsz	(??_main+1)^0,f,c
   377  000A6A  D7FA               	bra	u207
   378  000A6C                     
   379                           ;main.c: 60:     lcd_display_ON();
   380  000A6C  EC76  F005         	call	_lcd_display_ON	;wreg free
   381  000A70                     l19:
   382  000A70  EF38  F005         	goto	l19
   383  000A74  EF00  F000         	goto	start
   384  000A78                     __end_of_main:
   385                           	callstack 0
   386                           
   387 ;; *************** function _lcd_start *****************
   388 ;; Defined at:
   389 ;;		line 43 in file "LiquidCrystal.c"
   390 ;; Parameters:    Size  Location     Type
   391 ;;		None
   392 ;; Auto vars:     Size  Location     Type
   393 ;;		None
   394 ;; Return value:  Size  Location     Type
   395 ;;                  1    wreg      void 
   396 ;; Registers used:
   397 ;;		wreg, fsr1l, fsr1h, fsr2l, fsr2h, status,2, status,0, tblptrl, tblptrh, tblptru, cstack
   398 ;; Tracked objects:
   399 ;;		On entry : 0/0
   400 ;;		On exit  : 0/0
   401 ;;		Unchanged: 0/0
   402 ;; Data sizes:     COMRAM   BANK0   BANK1   BANK2   BANK3   BANK4   BANK5   BANK6   BANK7
   403 ;;      Params:         0       0       0       0       0       0       0       0       0
   404 ;;      Locals:         0       0       0       0       0       0       0       0       0
   405 ;;      Temps:          2       0       0       0       0       0       0       0       0
   406 ;;      Totals:         2       0       0       0       0       0       0       0       0
   407 ;;Total ram usage:        2 bytes
   408 ;; Hardware stack levels used:    1
   409 ;; Hardware stack levels required when called:    3
   410 ;; This function calls:
   411 ;;		_lcd_clear
   412 ;;		_lcd_cmd
   413 ;;		_lcd_print_Text
   414 ;; This function is called by:
   415 ;;		_main
   416 ;; This function uses a non-reentrant model
   417 ;;
   418                           
   419                           	psect	text1
   420  0009A4                     __ptext1:
   421                           	callstack 0
   422  0009A4                     _lcd_start:
   423                           	callstack 27
   424  0009A4                     
   425                           ;LiquidCrystal.c: 45:     _delay((unsigned long)((15)*(24000000/4000.0)));
   426  0009A4  0E75               	movlw	117
   427  0009A6  6E2C               	movwf	??_lcd_start^0,c
   428  0009A8  0EE1               	movlw	225
   429  0009AA                     u217:
   430  0009AA  2EE8               	decfsz	wreg,f,c
   431  0009AC  D7FE               	bra	u217
   432  0009AE  2E2C               	decfsz	??_lcd_start^0,f,c
   433  0009B0  D7FC               	bra	u217
   434  0009B2  F000               	nop	
   435  0009B4                     
   436                           ;LiquidCrystal.c: 48:     TRISBbits.RB7 = 0b0;
   437  0009B4  9E93               	bcf	147,7,c	;volatile
   438  0009B6                     
   439                           ;LiquidCrystal.c: 49:     TRISBbits.RB6 = 0b0;
   440  0009B6  9C93               	bcf	147,6,c	;volatile
   441  0009B8                     
   442                           ;LiquidCrystal.c: 50:     TRISBbits.RB5 = 0b0;
   443  0009B8  9A93               	bcf	147,5,c	;volatile
   444  0009BA                     
   445                           ;LiquidCrystal.c: 51:     TRISBbits.RB4 = 0b0;
   446  0009BA  9893               	bcf	147,4,c	;volatile
   447  0009BC                     
   448                           ;LiquidCrystal.c: 52:     TRISBbits.RB3 = 0b0;
   449  0009BC  9693               	bcf	147,3,c	;volatile
   450  0009BE                     
   451                           ;LiquidCrystal.c: 53:     TRISBbits.RB2 = 0b0;
   452  0009BE  9493               	bcf	147,2,c	;volatile
   453  0009C0                     
   454                           ;LiquidCrystal.c: 54:     TRISBbits.RB1 = 0b0;
   455  0009C0  9293               	bcf	147,1,c	;volatile
   456  0009C2                     
   457                           ;LiquidCrystal.c: 55:     TRISBbits.RB0 = 0b0;
   458  0009C2  9093               	bcf	147,0,c	;volatile
   459  0009C4                     
   460                           ;LiquidCrystal.c: 57:     TRISCbits.RC0 = 0b0;
   461  0009C4  9094               	bcf	148,0,c	;volatile
   462  0009C6                     
   463                           ;LiquidCrystal.c: 58:     TRISCbits.RC1 = 0b0;
   464  0009C6  9294               	bcf	148,1,c	;volatile
   465  0009C8                     
   466                           ;LiquidCrystal.c: 64:     lcd_cmd(0x38);
   467  0009C8  0E38               	movlw	56
   468  0009CA  EC19  F004         	call	_lcd_cmd
   469  0009CE                     
   470                           ;LiquidCrystal.c: 65:     _delay((unsigned long)((60)*(24000000/4000000.0)));
   471  0009CE  0E78               	movlw	120
   472  0009D0                     u227:
   473  0009D0  2EE8               	decfsz	wreg,f,c
   474  0009D2  D7FE               	bra	u227
   475                           
   476                           ;LiquidCrystal.c: 72:     lcd_cmd(DISPLAY_CONTROL);
   477  0009D4  504E               	movf	_DISPLAY_CONTROL^0,w,c
   478  0009D6  EC19  F004         	call	_lcd_cmd
   479  0009DA                     
   480                           ;LiquidCrystal.c: 73:     _delay((unsigned long)((60)*(24000000/4000000.0)));
   481  0009DA  0E78               	movlw	120
   482  0009DC                     u237:
   483  0009DC  2EE8               	decfsz	wreg,f,c
   484  0009DE  D7FE               	bra	u237
   485  0009E0                     
   486                           ;LiquidCrystal.c: 76:     lcd_clear();
   487  0009E0  ECA6  F005         	call	_lcd_clear	;wreg free
   488  0009E4                     
   489                           ;LiquidCrystal.c: 79:     lcd_print_Text(1, 1, "LCD STARTING...");
   490  0009E4  0E01               	movlw	1
   491  0009E6  6E28               	movwf	lcd_print_Text@row^0,c
   492  0009E8  0E12               	movlw	low STR_3
   493  0009EA  6E29               	movwf	lcd_print_Text@dados^0,c
   494  0009EC  0E08               	movlw	high STR_3
   495  0009EE  6E2A               	movwf	(lcd_print_Text@dados+1)^0,c
   496  0009F0  0E01               	movlw	1
   497  0009F2  EC3C  F005         	call	_lcd_print_Text
   498  0009F6                     
   499                           ;LiquidCrystal.c: 80:     _delay((unsigned long)((3000)*(24000000/4000.0)));
   500  0009F6  0E5C               	movlw	92
   501  0009F8  6E2D               	movwf	(??_lcd_start+1)^0,c
   502  0009FA  0E51               	movlw	81
   503  0009FC  6E2C               	movwf	??_lcd_start^0,c
   504  0009FE  0E60               	movlw	96
   505  000A00                     u247:
   506  000A00  2EE8               	decfsz	wreg,f,c
   507  000A02  D7FE               	bra	u247
   508  000A04  2E2C               	decfsz	??_lcd_start^0,f,c
   509  000A06  D7FC               	bra	u247
   510  000A08  2E2D               	decfsz	(??_lcd_start+1)^0,f,c
   511  000A0A  D7FA               	bra	u247
   512  000A0C  D000               	nop2	
   513  000A0E                     
   514                           ;LiquidCrystal.c: 83:     lcd_clear();
   515  000A0E  ECA6  F005         	call	_lcd_clear	;wreg free
   516  000A12  0012               	return		;funcret
   517  000A14                     __end_of_lcd_start:
   518                           	callstack 0
   519                           
   520 ;; *************** function _lcd_print_Text *****************
   521 ;; Defined at:
   522 ;;		line 128 in file "LiquidCrystal.c"
   523 ;; Parameters:    Size  Location     Type
   524 ;;  col             1    wreg     unsigned char 
   525 ;;  row             1   39[COMRAM] unsigned char 
   526 ;;  dados           2   40[COMRAM] PTR unsigned char 
   527 ;;		 -> STR_3(16), STR_2(17), STR_1(15), 
   528 ;; Auto vars:     Size  Location     Type
   529 ;;  col             1   42[COMRAM] unsigned char 
   530 ;; Return value:  Size  Location     Type
   531 ;;                  1    wreg      void 
   532 ;; Registers used:
   533 ;;		wreg, fsr1l, fsr1h, fsr2l, fsr2h, status,2, status,0, tblptrl, tblptrh, tblptru, cstack
   534 ;; Tracked objects:
   535 ;;		On entry : 0/0
   536 ;;		On exit  : 0/0
   537 ;;		Unchanged: 0/0
   538 ;; Data sizes:     COMRAM   BANK0   BANK1   BANK2   BANK3   BANK4   BANK5   BANK6   BANK7
   539 ;;      Params:         3       0       0       0       0       0       0       0       0
   540 ;;      Locals:         1       0       0       0       0       0       0       0       0
   541 ;;      Temps:          0       0       0       0       0       0       0       0       0
   542 ;;      Totals:         4       0       0       0       0       0       0       0       0
   543 ;;Total ram usage:        4 bytes
   544 ;; Hardware stack levels used:    1
   545 ;; Hardware stack levels required when called:    2
   546 ;; This function calls:
   547 ;;		_lcd_cmd
   548 ;;		_lcd_setCursor
   549 ;; This function is called by:
   550 ;;		_main
   551 ;;		_lcd_start
   552 ;; This function uses a non-reentrant model
   553 ;;
   554                           
   555                           	psect	text2
   556  000A78                     __ptext2:
   557                           	callstack 0
   558  000A78                     _lcd_print_Text:
   559                           	callstack 27
   560                           
   561                           ;incstack = 0
   562                           ;lcd_print_Text@col stored from wreg
   563  000A78  6E2B               	movwf	lcd_print_Text@col^0,c
   564  000A7A                     
   565                           ;LiquidCrystal.c: 130:     lcd_setCursor(col, row);
   566  000A7A  C028  F004         	movff	lcd_print_Text@row,lcd_setCursor@row
   567  000A7E  502B               	movf	lcd_print_Text@col^0,w,c
   568  000A80  EC84  F004         	call	_lcd_setCursor
   569  000A84                     
   570                           ;LiquidCrystal.c: 132:     PORTCbits.RC0 = 0x01;
   571  000A84  8082               	bsf	130,0,c	;volatile
   572                           
   573                           ;LiquidCrystal.c: 134:     while (*dados != 0) {
   574  000A86  EF4F  F005         	goto	l989
   575  000A8A                     l985:
   576                           
   577                           ;LiquidCrystal.c: 135:         lcd_cmd(*dados);
   578  000A8A  C029  FFF6         	movff	lcd_print_Text@dados,tblptrl
   579  000A8E  C02A  FFF7         	movff	lcd_print_Text@dados+1,tblptrh
   580  000A92                     	if	0	;tblptru may be non-zero
   581  000A92                     	endif
   582  000A92                     	if	0	;tblptru may be non-zero
   583  000A92                     	endif
   584  000A92  0008               	tblrd		*
   585  000A94  50F5               	movf	tablat,w,c
   586  000A96  EC19  F004         	call	_lcd_cmd
   587  000A9A                     
   588                           ;LiquidCrystal.c: 136:         dados++;
   589  000A9A  4A29               	infsnz	lcd_print_Text@dados^0,f,c
   590  000A9C  2A2A               	incf	(lcd_print_Text@dados+1)^0,f,c
   591  000A9E                     l989:
   592                           
   593                           ;LiquidCrystal.c: 134:     while (*dados != 0) {
   594  000A9E  C029  FFF6         	movff	lcd_print_Text@dados,tblptrl
   595  000AA2  C02A  FFF7         	movff	lcd_print_Text@dados+1,tblptrh
   596  000AA6                     	if	0	;tblptru may be non-zero
   597  000AA6                     	endif
   598  000AA6                     	if	0	;tblptru may be non-zero
   599  000AA6                     	endif
   600  000AA6  0008               	tblrd		*
   601  000AA8  50F5               	movf	tablat,w,c
   602  000AAA  0900               	iorlw	0
   603  000AAC  A4D8               	btfss	status,2,c
   604  000AAE  EF5B  F005         	goto	u181
   605  000AB2  EF5D  F005         	goto	u180
   606  000AB6                     u181:
   607  000AB6  EF45  F005         	goto	l985
   608  000ABA                     u180:
   609  000ABA  0012               	return		;funcret
   610  000ABC                     __end_of_lcd_print_Text:
   611                           	callstack 0
   612                           
   613 ;; *************** function _lcd_setCursor *****************
   614 ;; Defined at:
   615 ;;		line 251 in file "LiquidCrystal.c"
   616 ;; Parameters:    Size  Location     Type
   617 ;;  col             1    wreg     unsigned char 
   618 ;;  row             1    3[COMRAM] unsigned char 
   619 ;; Auto vars:     Size  Location     Type
   620 ;;  col             1   38[COMRAM] unsigned char 
   621 ;;  address2       15   23[COMRAM] unsigned char [15]
   622 ;;  address1       15    8[COMRAM] unsigned char [15]
   623 ;; Return value:  Size  Location     Type
   624 ;;                  1    wreg      void 
   625 ;; Registers used:
   626 ;;		wreg, fsr1l, fsr1h, fsr2l, fsr2h, status,2, status,0, cstack
   627 ;; Tracked objects:
   628 ;;		On entry : 0/0
   629 ;;		On exit  : 0/0
   630 ;;		Unchanged: 0/0
   631 ;; Data sizes:     COMRAM   BANK0   BANK1   BANK2   BANK3   BANK4   BANK5   BANK6   BANK7
   632 ;;      Params:         1       0       0       0       0       0       0       0       0
   633 ;;      Locals:        31       0       0       0       0       0       0       0       0
   634 ;;      Temps:          4       0       0       0       0       0       0       0       0
   635 ;;      Totals:        36       0       0       0       0       0       0       0       0
   636 ;;Total ram usage:       36 bytes
   637 ;; Hardware stack levels used:    1
   638 ;; Hardware stack levels required when called:    1
   639 ;; This function calls:
   640 ;;		_lcd_cmd
   641 ;; This function is called by:
   642 ;;		_lcd_print_Text
   643 ;;		_lcd_print_Byte
   644 ;; This function uses a non-reentrant model
   645 ;;
   646                           
   647                           	psect	text3
   648  000908                     __ptext3:
   649                           	callstack 0
   650  000908                     _lcd_setCursor:
   651                           	callstack 27
   652                           
   653                           ;incstack = 0
   654                           ;lcd_setCursor@col stored from wreg
   655  000908  6E27               	movwf	lcd_setCursor@col^0,c
   656  00090A                     
   657                           ;LiquidCrystal.c: 253:     PORTCbits.RC0 = 0x00;
   658  00090A  9082               	bcf	130,0,c	;volatile
   659  00090C                     
   660                           ;LiquidCrystal.c: 255:     char address1[] = {0x80, 0x81, 0x82, 0x83, 0x84, 0x85, 0x86, 
      +                          0x87, 0x88,
   661  00090C  EE20  F03F         	lfsr	2,lcd_setCursor@F2843
   662  000910  EE10  F009         	lfsr	1,lcd_setCursor@address1
   663  000914  0E0E               	movlw	14
   664  000916                     u141:
   665  000916  CFDB FFE3          	movff	plusw2,plusw1
   666  00091A  06E8               	decf	wreg,f,c
   667  00091C  E2FC               	bc	u141
   668                           
   669                           ;LiquidCrystal.c: 258:     char address2[] = {0xC0, 0xC1, 0xC2, 0xC3, 0xC4, 0xC5, 0xC6, 
      +                          0xC7, 0xC8,
   670  00091E  EE20  F030         	lfsr	2,lcd_setCursor@F2845
   671  000922  EE10  F018         	lfsr	1,lcd_setCursor@address2
   672  000926  0E0E               	movlw	14
   673  000928                     u151:
   674  000928  CFDB FFE3          	movff	plusw2,plusw1
   675  00092C  06E8               	decf	wreg,f,c
   676  00092E  E2FC               	bc	u151
   677  000930                     
   678                           ;LiquidCrystal.c: 261:     if (row == 1) {
   679  000930  0404               	decf	lcd_setCursor@row^0,w,c
   680  000932  A4D8               	btfss	status,2,c
   681  000934  EF9E  F004         	goto	u161
   682  000938  EFA0  F004         	goto	u160
   683  00093C                     u161:
   684  00093C  EFB4  F004         	goto	l977
   685  000940                     u160:
   686  000940                     
   687                           ;LiquidCrystal.c: 262:         lcd_cmd(address1[col - 1]);
   688  000940  0EFF               	movlw	255
   689  000942  6E05               	movwf	??_lcd_setCursor^0,c
   690  000944  0EFF               	movlw	255
   691  000946  6E06               	movwf	(??_lcd_setCursor+1)^0,c
   692  000948  5027               	movf	lcd_setCursor@col^0,w,c
   693  00094A  6E07               	movwf	(??_lcd_setCursor+2)^0,c
   694  00094C  6A08               	clrf	(??_lcd_setCursor+3)^0,c
   695  00094E  5005               	movf	??_lcd_setCursor^0,w,c
   696  000950  2607               	addwf	(??_lcd_setCursor+2)^0,f,c
   697  000952  5006               	movf	(??_lcd_setCursor+1)^0,w,c
   698  000954  2208               	addwfc	(??_lcd_setCursor+3)^0,f,c
   699  000956  0E09               	movlw	low lcd_setCursor@address1
   700  000958  2407               	addwf	(??_lcd_setCursor+2)^0,w,c
   701  00095A  6ED9               	movwf	fsr2l,c
   702  00095C  0E00               	movlw	high lcd_setCursor@address1
   703  00095E  2008               	addwfc	(??_lcd_setCursor+3)^0,w,c
   704  000960  6EDA               	movwf	fsr2h,c
   705  000962  50DF               	movf	indf2,w,c
   706  000964  EC19  F004         	call	_lcd_cmd
   707  000968                     l977:
   708                           
   709                           ;LiquidCrystal.c: 265:     if (row == 2) {
   710  000968  0E02               	movlw	2
   711  00096A  1804               	xorwf	lcd_setCursor@row^0,w,c
   712  00096C  A4D8               	btfss	status,2,c
   713  00096E  EFBB  F004         	goto	u171
   714  000972  EFBD  F004         	goto	u170
   715  000976                     u171:
   716  000976  EFD1  F004         	goto	l89
   717  00097A                     u170:
   718  00097A                     
   719                           ;LiquidCrystal.c: 266:         lcd_cmd(address2[col - 1]);
   720  00097A  0EFF               	movlw	255
   721  00097C  6E05               	movwf	??_lcd_setCursor^0,c
   722  00097E  0EFF               	movlw	255
   723  000980  6E06               	movwf	(??_lcd_setCursor+1)^0,c
   724  000982  5027               	movf	lcd_setCursor@col^0,w,c
   725  000984  6E07               	movwf	(??_lcd_setCursor+2)^0,c
   726  000986  6A08               	clrf	(??_lcd_setCursor+3)^0,c
   727  000988  5005               	movf	??_lcd_setCursor^0,w,c
   728  00098A  2607               	addwf	(??_lcd_setCursor+2)^0,f,c
   729  00098C  5006               	movf	(??_lcd_setCursor+1)^0,w,c
   730  00098E  2208               	addwfc	(??_lcd_setCursor+3)^0,f,c
   731  000990  0E18               	movlw	low lcd_setCursor@address2
   732  000992  2407               	addwf	(??_lcd_setCursor+2)^0,w,c
   733  000994  6ED9               	movwf	fsr2l,c
   734  000996  0E00               	movlw	high lcd_setCursor@address2
   735  000998  2008               	addwfc	(??_lcd_setCursor+3)^0,w,c
   736  00099A  6EDA               	movwf	fsr2h,c
   737  00099C  50DF               	movf	indf2,w,c
   738  00099E  EC19  F004         	call	_lcd_cmd
   739  0009A2                     l89:
   740  0009A2  0012               	return		;funcret
   741  0009A4                     __end_of_lcd_setCursor:
   742                           	callstack 0
   743                           
   744 ;; *************** function _lcd_clear *****************
   745 ;; Defined at:
   746 ;;		line 145 in file "LiquidCrystal.c"
   747 ;; Parameters:    Size  Location     Type
   748 ;;		None
   749 ;; Auto vars:     Size  Location     Type
   750 ;;		None
   751 ;; Return value:  Size  Location     Type
   752 ;;                  1    wreg      void 
   753 ;; Registers used:
   754 ;;		wreg, status,2, status,0, cstack
   755 ;; Tracked objects:
   756 ;;		On entry : 0/0
   757 ;;		On exit  : 0/0
   758 ;;		Unchanged: 0/0
   759 ;; Data sizes:     COMRAM   BANK0   BANK1   BANK2   BANK3   BANK4   BANK5   BANK6   BANK7
   760 ;;      Params:         0       0       0       0       0       0       0       0       0
   761 ;;      Locals:         0       0       0       0       0       0       0       0       0
   762 ;;      Temps:          1       0       0       0       0       0       0       0       0
   763 ;;      Totals:         1       0       0       0       0       0       0       0       0
   764 ;;Total ram usage:        1 bytes
   765 ;; Hardware stack levels used:    1
   766 ;; Hardware stack levels required when called:    1
   767 ;; This function calls:
   768 ;;		_lcd_cmd
   769 ;; This function is called by:
   770 ;;		_lcd_start
   771 ;; This function uses a non-reentrant model
   772 ;;
   773                           
   774                           	psect	text4
   775  000B4C                     __ptext4:
   776                           	callstack 0
   777  000B4C                     _lcd_clear:
   778                           	callstack 28
   779  000B4C                     
   780                           ;LiquidCrystal.c: 147:     PORTCbits.RC0 = 0x00;
   781  000B4C  9082               	bcf	130,0,c	;volatile
   782  000B4E                     
   783                           ;LiquidCrystal.c: 149:     lcd_cmd(0x01);
   784  000B4E  0E01               	movlw	1
   785  000B50  EC19  F004         	call	_lcd_cmd
   786  000B54                     
   787                           ;LiquidCrystal.c: 151:     _delay((unsigned long)((2)*(24000000/4000.0)));
   788  000B54  0E10               	movlw	16
   789  000B56  6E04               	movwf	??_lcd_clear^0,c
   790  000B58  0E94               	movlw	148
   791  000B5A                     u257:
   792  000B5A  2EE8               	decfsz	wreg,f,c
   793  000B5C  D7FE               	bra	u257
   794  000B5E  2E04               	decfsz	??_lcd_clear^0,f,c
   795  000B60  D7FC               	bra	u257
   796  000B62  D000               	nop2	
   797  000B64  0012               	return		;funcret
   798  000B66                     __end_of_lcd_clear:
   799                           	callstack 0
   800                           
   801 ;; *************** function _lcd_display_ON *****************
   802 ;; Defined at:
   803 ;;		line 158 in file "LiquidCrystal.c"
   804 ;; Parameters:    Size  Location     Type
   805 ;;		None
   806 ;; Auto vars:     Size  Location     Type
   807 ;;		None
   808 ;; Return value:  Size  Location     Type
   809 ;;                  1    wreg      void 
   810 ;; Registers used:
   811 ;;		wreg, status,2, status,0, cstack
   812 ;; Tracked objects:
   813 ;;		On entry : 0/0
   814 ;;		On exit  : 0/0
   815 ;;		Unchanged: 0/0
   816 ;; Data sizes:     COMRAM   BANK0   BANK1   BANK2   BANK3   BANK4   BANK5   BANK6   BANK7
   817 ;;      Params:         0       0       0       0       0       0       0       0       0
   818 ;;      Locals:         0       0       0       0       0       0       0       0       0
   819 ;;      Temps:          1       0       0       0       0       0       0       0       0
   820 ;;      Totals:         1       0       0       0       0       0       0       0       0
   821 ;;Total ram usage:        1 bytes
   822 ;; Hardware stack levels used:    1
   823 ;; Hardware stack levels required when called:    1
   824 ;; This function calls:
   825 ;;		_lcd_cmd
   826 ;; This function is called by:
   827 ;;		_main
   828 ;; This function uses a non-reentrant model
   829 ;;
   830                           
   831                           	psect	text5
   832  000AEC                     __ptext5:
   833                           	callstack 0
   834  000AEC                     _lcd_display_ON:
   835                           	callstack 29
   836  000AEC                     
   837                           ;LiquidCrystal.c: 160:     PORTCbits.RC0 = 0x00;
   838  000AEC  9082               	bcf	130,0,c	;volatile
   839  000AEE                     
   840                           ;LiquidCrystal.c: 162:     DISPLAY_CONTROL = DISPLAY_CONTROL | 0b00000100;
   841  000AEE  504E               	movf	_DISPLAY_CONTROL^0,w,c
   842  000AF0  0904               	iorlw	4
   843  000AF2  6E4E               	movwf	_DISPLAY_CONTROL^0,c
   844  000AF4                     
   845                           ;LiquidCrystal.c: 164:     lcd_cmd(DISPLAY_CONTROL);
   846  000AF4  504E               	movf	_DISPLAY_CONTROL^0,w,c
   847  000AF6  EC19  F004         	call	_lcd_cmd
   848  000AFA                     
   849                           ;LiquidCrystal.c: 166:     _delay((unsigned long)((2)*(24000000/4000.0)));
   850  000AFA  0E10               	movlw	16
   851  000AFC  6E04               	movwf	??_lcd_display_ON^0,c
   852  000AFE  0E94               	movlw	148
   853  000B00                     u267:
   854  000B00  2EE8               	decfsz	wreg,f,c
   855  000B02  D7FE               	bra	u267
   856  000B04  2E04               	decfsz	??_lcd_display_ON^0,f,c
   857  000B06  D7FC               	bra	u267
   858  000B08  D000               	nop2	
   859  000B0A  0012               	return		;funcret
   860  000B0C                     __end_of_lcd_display_ON:
   861                           	callstack 0
   862                           
   863 ;; *************** function _lcd_display_OFF *****************
   864 ;; Defined at:
   865 ;;		line 174 in file "LiquidCrystal.c"
   866 ;; Parameters:    Size  Location     Type
   867 ;;		None
   868 ;; Auto vars:     Size  Location     Type
   869 ;;		None
   870 ;; Return value:  Size  Location     Type
   871 ;;                  1    wreg      void 
   872 ;; Registers used:
   873 ;;		wreg, status,2, status,0, cstack
   874 ;; Tracked objects:
   875 ;;		On entry : 0/0
   876 ;;		On exit  : 0/0
   877 ;;		Unchanged: 0/0
   878 ;; Data sizes:     COMRAM   BANK0   BANK1   BANK2   BANK3   BANK4   BANK5   BANK6   BANK7
   879 ;;      Params:         0       0       0       0       0       0       0       0       0
   880 ;;      Locals:         0       0       0       0       0       0       0       0       0
   881 ;;      Temps:          1       0       0       0       0       0       0       0       0
   882 ;;      Totals:         1       0       0       0       0       0       0       0       0
   883 ;;Total ram usage:        1 bytes
   884 ;; Hardware stack levels used:    1
   885 ;; Hardware stack levels required when called:    1
   886 ;; This function calls:
   887 ;;		_lcd_cmd
   888 ;; This function is called by:
   889 ;;		_main
   890 ;; This function uses a non-reentrant model
   891 ;;
   892                           
   893                           	psect	text6
   894  000B0C                     __ptext6:
   895                           	callstack 0
   896  000B0C                     _lcd_display_OFF:
   897                           	callstack 29
   898  000B0C                     
   899                           ;LiquidCrystal.c: 176:     PORTCbits.RC0 = 0x00;
   900  000B0C  9082               	bcf	130,0,c	;volatile
   901  000B0E                     
   902                           ;LiquidCrystal.c: 178:     DISPLAY_CONTROL = DISPLAY_CONTROL & ~0b00000100;
   903  000B0E  504E               	movf	_DISPLAY_CONTROL^0,w,c
   904  000B10  0BFB               	andlw	251
   905  000B12  6E4E               	movwf	_DISPLAY_CONTROL^0,c
   906  000B14                     
   907                           ;LiquidCrystal.c: 180:     lcd_cmd(DISPLAY_CONTROL);
   908  000B14  504E               	movf	_DISPLAY_CONTROL^0,w,c
   909  000B16  EC19  F004         	call	_lcd_cmd
   910  000B1A                     
   911                           ;LiquidCrystal.c: 182:     _delay((unsigned long)((2)*(24000000/4000.0)));
   912  000B1A  0E10               	movlw	16
   913  000B1C  6E04               	movwf	??_lcd_display_OFF^0,c
   914  000B1E  0E94               	movlw	148
   915  000B20                     u277:
   916  000B20  2EE8               	decfsz	wreg,f,c
   917  000B22  D7FE               	bra	u277
   918  000B24  2E04               	decfsz	??_lcd_display_OFF^0,f,c
   919  000B26  D7FC               	bra	u277
   920  000B28  D000               	nop2	
   921  000B2A  0012               	return		;funcret
   922  000B2C                     __end_of_lcd_display_OFF:
   923                           	callstack 0
   924                           
   925 ;; *************** function _lcd_cmd *****************
   926 ;; Defined at:
   927 ;;		line 93 in file "LiquidCrystal.c"
   928 ;; Parameters:    Size  Location     Type
   929 ;;  cmd             1    wreg     unsigned char 
   930 ;; Auto vars:     Size  Location     Type
   931 ;;  cmd             1    2[COMRAM] unsigned char 
   932 ;; Return value:  Size  Location     Type
   933 ;;                  1    wreg      void 
   934 ;; Registers used:
   935 ;;		wreg, status,2, status,0
   936 ;; Tracked objects:
   937 ;;		On entry : 0/0
   938 ;;		On exit  : 0/0
   939 ;;		Unchanged: 0/0
   940 ;; Data sizes:     COMRAM   BANK0   BANK1   BANK2   BANK3   BANK4   BANK5   BANK6   BANK7
   941 ;;      Params:         0       0       0       0       0       0       0       0       0
   942 ;;      Locals:         1       0       0       0       0       0       0       0       0
   943 ;;      Temps:          2       0       0       0       0       0       0       0       0
   944 ;;      Totals:         3       0       0       0       0       0       0       0       0
   945 ;;Total ram usage:        3 bytes
   946 ;; Hardware stack levels used:    1
   947 ;; This function calls:
   948 ;;		Nothing
   949 ;; This function is called by:
   950 ;;		_lcd_start
   951 ;;		_lcd_print_Text
   952 ;;		_lcd_clear
   953 ;;		_lcd_display_ON
   954 ;;		_lcd_display_OFF
   955 ;;		_lcd_setCursor
   956 ;;		_lcd_print_Byte
   957 ;;		_lcd_cursor_ON
   958 ;;		_lcd_cursor_OFF
   959 ;;		_lcd_cursor_blink_ON
   960 ;;		_lcd_cursor_blink_OFF
   961 ;;		_lcd_shift_cursor_left
   962 ;;		_lcd_shift_cursor_right
   963 ;;		_lcd_shift_text_left
   964 ;;		_lcd_shift_text_right
   965 ;; This function uses a non-reentrant model
   966 ;;
   967                           
   968                           	psect	text7
   969  000832                     __ptext7:
   970                           	callstack 0
   971  000832                     _lcd_cmd:
   972                           	callstack 27
   973                           
   974                           ;incstack = 0
   975                           ;lcd_cmd@cmd stored from wreg
   976  000832  6E03               	movwf	lcd_cmd@cmd^0,c
   977  000834                     
   978                           ;LiquidCrystal.c: 95:     PORTCbits.RC1 = 0x00;
   979  000834  9282               	bcf	130,1,c	;volatile
   980  000836                     
   981                           ;LiquidCrystal.c: 97:     PORTBbits.RB7 = cmd >> 7;
   982  000836  6A01               	clrf	??_lcd_cmd^0,c
   983  000838  AE03               	btfss	lcd_cmd@cmd^0,7,c
   984  00083A  D001               	bra	u15
   985  00083C  2A01               	incf	??_lcd_cmd^0,f,c
   986  00083E                     u15:
   987  00083E  3201               	rrcf	??_lcd_cmd^0,f,c
   988  000840  3201               	rrcf	??_lcd_cmd^0,f,c
   989  000842  5081               	movf	129,w,c	;volatile
   990  000844  1801               	xorwf	??_lcd_cmd^0,w,c
   991  000846  0B7F               	andlw	-129
   992  000848  1801               	xorwf	??_lcd_cmd^0,w,c
   993  00084A  6E81               	movwf	129,c	;volatile
   994                           
   995                           ;LiquidCrystal.c: 98:     PORTBbits.RB6 = cmd >> 6;
   996  00084C  C003  F001         	movff	lcd_cmd@cmd,??_lcd_cmd
   997  000850  0E06               	movlw	6
   998  000852  6E02               	movwf	(??_lcd_cmd+1)^0,c
   999  000854                     u25:
  1000  000854  90D8               	bcf	status,0,c
  1001  000856  3201               	rrcf	??_lcd_cmd^0,f,c
  1002  000858  2E02               	decfsz	(??_lcd_cmd+1)^0,f,c
  1003  00085A  EF2A  F004         	goto	u25
  1004  00085E  3A01               	swapf	??_lcd_cmd^0,f,c
  1005  000860  4601               	rlncf	??_lcd_cmd^0,f,c
  1006  000862  4601               	rlncf	??_lcd_cmd^0,f,c
  1007  000864  5081               	movf	129,w,c	;volatile
  1008  000866  1801               	xorwf	??_lcd_cmd^0,w,c
  1009  000868  0BBF               	andlw	-65
  1010  00086A  1801               	xorwf	??_lcd_cmd^0,w,c
  1011  00086C  6E81               	movwf	129,c	;volatile
  1012                           
  1013                           ;LiquidCrystal.c: 99:     PORTBbits.RB5 = cmd >> 5;
  1014  00086E  C003  F001         	movff	lcd_cmd@cmd,??_lcd_cmd
  1015  000872  0E05               	movlw	5
  1016  000874  6E02               	movwf	(??_lcd_cmd+1)^0,c
  1017  000876                     u35:
  1018  000876  90D8               	bcf	status,0,c
  1019  000878  3201               	rrcf	??_lcd_cmd^0,f,c
  1020  00087A  2E02               	decfsz	(??_lcd_cmd+1)^0,f,c
  1021  00087C  EF3B  F004         	goto	u35
  1022  000880  3A01               	swapf	??_lcd_cmd^0,f,c
  1023  000882  4601               	rlncf	??_lcd_cmd^0,f,c
  1024  000884  5081               	movf	129,w,c	;volatile
  1025  000886  1801               	xorwf	??_lcd_cmd^0,w,c
  1026  000888  0BDF               	andlw	-33
  1027  00088A  1801               	xorwf	??_lcd_cmd^0,w,c
  1028  00088C  6E81               	movwf	129,c	;volatile
  1029                           
  1030                           ;LiquidCrystal.c: 100:     PORTBbits.RB4 = cmd >> 4;
  1031  00088E  C003  F001         	movff	lcd_cmd@cmd,??_lcd_cmd
  1032  000892  3A01               	swapf	??_lcd_cmd^0,f,c
  1033  000894  0E0F               	movlw	15
  1034  000896  1601               	andwf	??_lcd_cmd^0,f,c
  1035  000898  3A01               	swapf	??_lcd_cmd^0,f,c
  1036  00089A  5081               	movf	129,w,c	;volatile
  1037  00089C  1801               	xorwf	??_lcd_cmd^0,w,c
  1038  00089E  0BEF               	andlw	-17
  1039  0008A0  1801               	xorwf	??_lcd_cmd^0,w,c
  1040  0008A2  6E81               	movwf	129,c	;volatile
  1041                           
  1042                           ;LiquidCrystal.c: 101:     PORTBbits.RB3 = cmd >> 3;
  1043  0008A4  C003  F001         	movff	lcd_cmd@cmd,??_lcd_cmd
  1044  0008A8  90D8               	bcf	status,0,c
  1045  0008AA  3201               	rrcf	??_lcd_cmd^0,f,c
  1046  0008AC  90D8               	bcf	status,0,c
  1047  0008AE  3201               	rrcf	??_lcd_cmd^0,f,c
  1048  0008B0  90D8               	bcf	status,0,c
  1049  0008B2  3201               	rrcf	??_lcd_cmd^0,f,c
  1050  0008B4  4601               	rlncf	??_lcd_cmd^0,f,c
  1051  0008B6  4601               	rlncf	??_lcd_cmd^0,f,c
  1052  0008B8  4601               	rlncf	??_lcd_cmd^0,f,c
  1053  0008BA  5081               	movf	129,w,c	;volatile
  1054  0008BC  1801               	xorwf	??_lcd_cmd^0,w,c
  1055  0008BE  0BF7               	andlw	-9
  1056  0008C0  1801               	xorwf	??_lcd_cmd^0,w,c
  1057  0008C2  6E81               	movwf	129,c	;volatile
  1058                           
  1059                           ;LiquidCrystal.c: 102:     PORTBbits.RB2 = cmd >> 2;
  1060  0008C4  C003  F001         	movff	lcd_cmd@cmd,??_lcd_cmd
  1061  0008C8  90D8               	bcf	status,0,c
  1062  0008CA  3201               	rrcf	??_lcd_cmd^0,f,c
  1063  0008CC  90D8               	bcf	status,0,c
  1064  0008CE  3201               	rrcf	??_lcd_cmd^0,f,c
  1065  0008D0  4601               	rlncf	??_lcd_cmd^0,f,c
  1066  0008D2  4601               	rlncf	??_lcd_cmd^0,f,c
  1067  0008D4  5081               	movf	129,w,c	;volatile
  1068  0008D6  1801               	xorwf	??_lcd_cmd^0,w,c
  1069  0008D8  0BFB               	andlw	-5
  1070  0008DA  1801               	xorwf	??_lcd_cmd^0,w,c
  1071  0008DC  6E81               	movwf	129,c	;volatile
  1072                           
  1073                           ;LiquidCrystal.c: 103:     PORTBbits.RB1 = cmd >> 1;
  1074  0008DE  C003  F001         	movff	lcd_cmd@cmd,??_lcd_cmd
  1075  0008E2  90D8               	bcf	status,0,c
  1076  0008E4  3201               	rrcf	??_lcd_cmd^0,f,c
  1077  0008E6  4601               	rlncf	??_lcd_cmd^0,f,c
  1078  0008E8  5081               	movf	129,w,c	;volatile
  1079  0008EA  1801               	xorwf	??_lcd_cmd^0,w,c
  1080  0008EC  0BFD               	andlw	-3
  1081  0008EE  1801               	xorwf	??_lcd_cmd^0,w,c
  1082  0008F0  6E81               	movwf	129,c	;volatile
  1083  0008F2                     
  1084                           ;LiquidCrystal.c: 104:     PORTBbits.RB0 = cmd >> 0;
  1085  0008F2  B003               	btfsc	lcd_cmd@cmd^0,0,c
  1086  0008F4  D002               	bra	u45
  1087  0008F6  9081               	bcf	129,0,c	;volatile
  1088  0008F8  D001               	bra	u46
  1089  0008FA                     u45:
  1090  0008FA  8081               	bsf	129,0,c	;volatile
  1091  0008FC                     u46:
  1092  0008FC                     
  1093                           ;LiquidCrystal.c: 106:     PORTCbits.RC1 = 0x01;
  1094  0008FC  8282               	bsf	130,1,c	;volatile
  1095  0008FE                     
  1096                           ;LiquidCrystal.c: 107:     _delay((unsigned long)((40)*(24000000/4000000.0)));
  1097  0008FE  0E50               	movlw	80
  1098  000900                     u287:
  1099  000900  2EE8               	decfsz	wreg,f,c
  1100  000902  D7FE               	bra	u287
  1101  000904                     
  1102                           ;LiquidCrystal.c: 108:     PORTCbits.RC1 = 0x00;
  1103  000904  9282               	bcf	130,1,c	;volatile
  1104  000906  0012               	return		;funcret
  1105  000908                     __end_of_lcd_cmd:
  1106                           	callstack 0
  1107                           
  1108                           	psect	rparam
  1109  0000                     
  1110                           	psect	idloc
  1111                           
  1112                           ;Config register IDLOC0 @ 0x200000
  1113                           ;	unspecified, using default values
  1114  200000                     	org	2097152
  1115  200000  FF                 	db	255
  1116                           
  1117                           ;Config register IDLOC1 @ 0x200001
  1118                           ;	unspecified, using default values
  1119  200001                     	org	2097153
  1120  200001  FF                 	db	255
  1121                           
  1122                           ;Config register IDLOC2 @ 0x200002
  1123                           ;	unspecified, using default values
  1124  200002                     	org	2097154
  1125  200002  FF                 	db	255
  1126                           
  1127                           ;Config register IDLOC3 @ 0x200003
  1128                           ;	unspecified, using default values
  1129  200003                     	org	2097155
  1130  200003  FF                 	db	255
  1131                           
  1132                           ;Config register IDLOC4 @ 0x200004
  1133                           ;	unspecified, using default values
  1134  200004                     	org	2097156
  1135  200004  FF                 	db	255
  1136                           
  1137                           ;Config register IDLOC5 @ 0x200005
  1138                           ;	unspecified, using default values
  1139  200005                     	org	2097157
  1140  200005  FF                 	db	255
  1141                           
  1142                           ;Config register IDLOC6 @ 0x200006
  1143                           ;	unspecified, using default values
  1144  200006                     	org	2097158
  1145  200006  FF                 	db	255
  1146                           
  1147                           ;Config register IDLOC7 @ 0x200007
  1148                           ;	unspecified, using default values
  1149  200007                     	org	2097159
  1150  200007  FF                 	db	255
  1151                           
  1152                           	psect	config
  1153                           
  1154                           ;Config register CONFIG1L @ 0x300000
  1155                           ;	PLL Prescaler Selection bits
  1156                           ;	PLLDIV = 5, Divide by 5 (20 MHz oscillator input)
  1157                           ;	System Clock Postscaler Selection bits
  1158                           ;	CPUDIV = OSC3_PLL4, [Primary Oscillator Src: /3][96 MHz PLL Src: /4]
  1159                           ;	USB Clock Selection bit (used in Full-Speed USB mode only; UCFG:FSEN = 1)
  1160                           ;	USBDIV = 2, USB clock source comes from the 96 MHz PLL divided by 2
  1161  300000                     	org	3145728
  1162  300000  34                 	db	52
  1163                           
  1164                           ;Config register CONFIG1H @ 0x300001
  1165                           ;	Oscillator Selection bits
  1166                           ;	FOSC = HSPLL_HS, HS oscillator, PLL enabled (HSPLL)
  1167                           ;	Fail-Safe Clock Monitor Enable bit
  1168                           ;	FCMEN = ON, Fail-Safe Clock Monitor enabled
  1169                           ;	Internal/External Oscillator Switchover bit
  1170                           ;	IESO = OFF, Oscillator Switchover mode disabled
  1171  300001                     	org	3145729
  1172  300001  4E                 	db	78
  1173                           
  1174                           ;Config register CONFIG2L @ 0x300002
  1175                           ;	Power-up Timer Enable bit
  1176                           ;	PWRT = ON, PWRT enabled
  1177                           ;	Brown-out Reset Enable bits
  1178                           ;	BOR = ON, Brown-out Reset enabled in hardware only (SBOREN is disabled)
  1179                           ;	Brown-out Reset Voltage bits
  1180                           ;	BORV = 1, Setting 2 4.33V
  1181                           ;	USB Voltage Regulator Enable bit
  1182                           ;	VREGEN = OFF, USB voltage regulator disabled
  1183  300002                     	org	3145730
  1184  300002  0E                 	db	14
  1185                           
  1186                           ;Config register CONFIG2H @ 0x300003
  1187                           ;	Watchdog Timer Enable bit
  1188                           ;	WDT = OFF, WDT disabled (control is placed on the SWDTEN bit)
  1189                           ;	Watchdog Timer Postscale Select bits
  1190                           ;	WDTPS = 0xF, unprogrammed default
  1191  300003                     	org	3145731
  1192  300003  1E                 	db	30
  1193                           
  1194                           ; Padding undefined space
  1195  300004                     	org	3145732
  1196  300004  FF                 	db	255
  1197                           
  1198                           ;Config register CONFIG3H @ 0x300005
  1199                           ;	CCP2 MUX bit
  1200                           ;	CCP2MX = 0x1, unprogrammed default
  1201                           ;	PORTB A/D Enable bit
  1202                           ;	PBADEN = OFF, PORTB<4:0> pins are configured as digital I/O on Reset
  1203                           ;	Low-Power Timer 1 Oscillator Enable bit
  1204                           ;	LPT1OSC = OFF, Timer1 configured for higher power operation
  1205                           ;	MCLR Pin Enable bit
  1206                           ;	MCLRE = ON, MCLR pin enabled; RE3 input pin disabled
  1207  300005                     	org	3145733
  1208  300005  81                 	db	129
  1209                           
  1210                           ;Config register CONFIG4L @ 0x300006
  1211                           ;	Stack Full/Underflow Reset Enable bit
  1212                           ;	STVREN = OFF, Stack full/underflow will not cause Reset
  1213                           ;	Single-Supply ICSP Enable bit
  1214                           ;	LVP = OFF, Single-Supply ICSP disabled
  1215                           ;	Extended Instruction Set Enable bit
  1216                           ;	XINST = OFF, Instruction set extension and Indexed Addressing mode disabled (Legacy mo
      +                          de)
  1217                           ;	Background Debugger Enable bit
  1218                           ;	DEBUG = 0x1, unprogrammed default
  1219  300006                     	org	3145734
  1220  300006  80                 	db	128
  1221                           
  1222                           ; Padding undefined space
  1223  300007                     	org	3145735
  1224  300007  FF                 	db	255
  1225                           
  1226                           ;Config register CONFIG5L @ 0x300008
  1227                           ;	Code Protection bit
  1228                           ;	CP0 = OFF, Block 0 (000800-001FFFh) is not code-protected
  1229                           ;	Code Protection bit
  1230                           ;	CP1 = OFF, Block 1 (002000-003FFFh) is not code-protected
  1231                           ;	Code Protection bit
  1232                           ;	CP2 = OFF, Block 2 (004000-005FFFh) is not code-protected
  1233                           ;	Code Protection bit
  1234                           ;	CP3 = OFF, Block 3 (006000-007FFFh) is not code-protected
  1235  300008                     	org	3145736
  1236  300008  0F                 	db	15
  1237                           
  1238                           ;Config register CONFIG5H @ 0x300009
  1239                           ;	Boot Block Code Protection bit
  1240                           ;	CPB = OFF, Boot block (000000-0007FFh) is not code-protected
  1241                           ;	Data EEPROM Code Protection bit
  1242                           ;	CPD = OFF, Data EEPROM is not code-protected
  1243  300009                     	org	3145737
  1244  300009  C0                 	db	192
  1245                           
  1246                           ;Config register CONFIG6L @ 0x30000A
  1247                           ;	Write Protection bit
  1248                           ;	WRT0 = OFF, Block 0 (000800-001FFFh) is not write-protected
  1249                           ;	Write Protection bit
  1250                           ;	WRT1 = OFF, Block 1 (002000-003FFFh) is not write-protected
  1251                           ;	Write Protection bit
  1252                           ;	WRT2 = OFF, Block 2 (004000-005FFFh) is not write-protected
  1253                           ;	Write Protection bit
  1254                           ;	WRT3 = OFF, Block 3 (006000-007FFFh) is not write-protected
  1255  30000A                     	org	3145738
  1256  30000A  0F                 	db	15
  1257                           
  1258                           ;Config register CONFIG6H @ 0x30000B
  1259                           ;	Configuration Register Write Protection bit
  1260                           ;	WRTC = OFF, Configuration registers (300000-3000FFh) are not write-protected
  1261                           ;	Boot Block Write Protection bit
  1262                           ;	WRTB = OFF, Boot block (000000-0007FFh) is not write-protected
  1263                           ;	Data EEPROM Write Protection bit
  1264                           ;	WRTD = OFF, Data EEPROM is not write-protected
  1265  30000B                     	org	3145739
  1266  30000B  E0                 	db	224
  1267                           
  1268                           ;Config register CONFIG7L @ 0x30000C
  1269                           ;	Table Read Protection bit
  1270                           ;	EBTR0 = OFF, Block 0 (000800-001FFFh) is not protected from table reads executed in ot
      +                          her blocks
  1271                           ;	Table Read Protection bit
  1272                           ;	EBTR1 = OFF, Block 1 (002000-003FFFh) is not protected from table reads executed in ot
      +                          her blocks
  1273                           ;	Table Read Protection bit
  1274                           ;	EBTR2 = OFF, Block 2 (004000-005FFFh) is not protected from table reads executed in ot
      +                          her blocks
  1275                           ;	Table Read Protection bit
  1276                           ;	EBTR3 = OFF, Block 3 (006000-007FFFh) is not protected from table reads executed in ot
      +                          her blocks
  1277  30000C                     	org	3145740
  1278  30000C  0F                 	db	15
  1279                           
  1280                           ;Config register CONFIG7H @ 0x30000D
  1281                           ;	Boot Block Table Read Protection bit
  1282                           ;	EBTRB = OFF, Boot block (000000-0007FFh) is not protected from table reads executed in
      +                           other blocks
  1283  30000D                     	org	3145741
  1284  30000D  40                 	db	64
  1285                           tosu	equ	0xFFF
  1286                           tosh	equ	0xFFE
  1287                           tosl	equ	0xFFD
  1288                           stkptr	equ	0xFFC
  1289                           pclatu	equ	0xFFB
  1290                           pclath	equ	0xFFA
  1291                           pcl	equ	0xFF9
  1292                           tblptru	equ	0xFF8
  1293                           tblptrh	equ	0xFF7
  1294                           tblptrl	equ	0xFF6
  1295                           tablat	equ	0xFF5
  1296                           prodh	equ	0xFF4
  1297                           prodl	equ	0xFF3
  1298                           indf0	equ	0xFEF
  1299                           postinc0	equ	0xFEE
  1300                           postdec0	equ	0xFED
  1301                           preinc0	equ	0xFEC
  1302                           plusw0	equ	0xFEB
  1303                           fsr0h	equ	0xFEA
  1304                           fsr0l	equ	0xFE9
  1305                           wreg	equ	0xFE8
  1306                           indf1	equ	0xFE7
  1307                           postinc1	equ	0xFE6
  1308                           postdec1	equ	0xFE5
  1309                           preinc1	equ	0xFE4
  1310                           plusw1	equ	0xFE3
  1311                           fsr1h	equ	0xFE2
  1312                           fsr1l	equ	0xFE1
  1313                           bsr	equ	0xFE0
  1314                           indf2	equ	0xFDF
  1315                           postinc2	equ	0xFDE
  1316                           postdec2	equ	0xFDD
  1317                           preinc2	equ	0xFDC
  1318                           plusw2	equ	0xFDB
  1319                           fsr2h	equ	0xFDA
  1320                           fsr2l	equ	0xFD9
  1321                           status	equ	0xFD8

Data Sizes:
    Strings     48
    Constant    0
    Data        31
    BSS         1
    Persistent  0
    Stack       0

Auto Spaces:
    Space          Size  Autos    Used
    COMRAM           95     47      79
    BANK0           160      0       0
    BANK1           256      0       0
    BANK2           256      0       0
    BANK3           256      0       0
    BANK4           256      0       0
    BANK5           256      0       0
    BANK6           256      0       0
    BANK7           256      0       0

Pointer List with Targets:

    lcd_print_Text@dados	PTR unsigned char  size(2) Largest target is 17
		 -> STR_3(CODE[16]), STR_2(CODE[17]), STR_1(CODE[15]), 


Critical Paths under _main in COMRAM

    _main->_lcd_start
    _lcd_start->_lcd_print_Text
    _lcd_print_Text->_lcd_setCursor
    _lcd_setCursor->_lcd_cmd
    _lcd_clear->_lcd_cmd
    _lcd_display_ON->_lcd_cmd
    _lcd_display_OFF->_lcd_cmd

Critical Paths under _main in BANK0

    None.

Critical Paths under _main in BANK1

    None.

Critical Paths under _main in BANK2

    None.

Critical Paths under _main in BANK3

    None.

Critical Paths under _main in BANK4

    None.

Critical Paths under _main in BANK5

    None.

Critical Paths under _main in BANK6

    None.

Critical Paths under _main in BANK7

    None.

Call Graph Tables:

 ---------------------------------------------------------------------------------
 (Depth) Function   	        Calls       Base Space   Used Autos Params    Refs
 ---------------------------------------------------------------------------------
 (0) _main                                                 2     2      0    2626
                                             45 COMRAM     2     2      0
                    _lcd_display_OFF
                     _lcd_display_ON
                     _lcd_print_Text
                          _lcd_start
 ---------------------------------------------------------------------------------
 (1) _lcd_start                                            2     2      0    1313
                                             43 COMRAM     2     2      0
                          _lcd_clear
                            _lcd_cmd
                     _lcd_print_Text
 ---------------------------------------------------------------------------------
 (2) _lcd_print_Text                                       4     1      3    1073
                                             39 COMRAM     4     1      3
                            _lcd_cmd
                      _lcd_setCursor
 ---------------------------------------------------------------------------------
 (3) _lcd_setCursor                                       36    35      1     408
                                              3 COMRAM    36    35      1
                            _lcd_cmd
 ---------------------------------------------------------------------------------
 (2) _lcd_clear                                            1     1      0     120
                                              3 COMRAM     1     1      0
                            _lcd_cmd
 ---------------------------------------------------------------------------------
 (1) _lcd_display_ON                                       1     1      0     120
                                              3 COMRAM     1     1      0
                            _lcd_cmd
 ---------------------------------------------------------------------------------
 (1) _lcd_display_OFF                                      1     1      0     120
                                              3 COMRAM     1     1      0
                            _lcd_cmd
 ---------------------------------------------------------------------------------
 (4) _lcd_cmd                                              3     3      0     120
                                              0 COMRAM     3     3      0
 ---------------------------------------------------------------------------------
 Estimated maximum stack depth 4
 ---------------------------------------------------------------------------------

 Call Graph Graphs:

 _main (ROOT)
   _lcd_display_OFF
     _lcd_cmd
   _lcd_display_ON
     _lcd_cmd
   _lcd_print_Text
     _lcd_cmd
     _lcd_setCursor
       _lcd_cmd
   _lcd_start
     _lcd_clear
       _lcd_cmd
     _lcd_cmd
     _lcd_print_Text
       _lcd_cmd
       _lcd_setCursor
         _lcd_cmd

 Address spaces:
Name               Size   Autos  Total    Cost      Usage
BIGRAM             7FF      0       0      21        0.0%
EEDATA             100      0       0       0        0.0%
BITBANK7           100      0       0      18        0.0%
BANK7              100      0       0      19        0.0%
BITBANK6           100      0       0      16        0.0%
BANK6              100      0       0      17        0.0%
BITBANK5           100      0       0      14        0.0%
BANK5              100      0       0      15        0.0%
BITBANK4           100      0       0      12        0.0%
BANK4              100      0       0      13        0.0%
BITBANK3           100      0       0      10        0.0%
BANK3              100      0       0      11        0.0%
BITBANK2           100      0       0       8        0.0%
BANK2              100      0       0       9        0.0%
BITBANK1           100      0       0       6        0.0%
BANK1              100      0       0       7        0.0%
BITBANK0            A0      0       0       4        0.0%
BANK0               A0      0       0       5        0.0%
BITCOMRAM           5F      0       0       0        0.0%
COMRAM              5F     2F      4F       1       83.2%
BITSFR               0      0       0     200        0.0%
SFR                  0      0       0     200        0.0%
STACK                0      0       0       2        0.0%
NULL                 0      0       0       0        0.0%
ABS                  0      0      4F      20        0.0%
DATA                 0      0      4F       3        0.0%
CODE                 0      0       0       0        0.0%


Microchip Technology PIC18 Macro Assembler V2.20 build 20200408173844 
Symbol Table                                                                                   Thu Aug 20 21:41:21 2020

    _CURSOR_DISPLAY_SHIFT 004F            ?_lcd_setCursor 0004                        l20 0A70  
                      l50 0906                        l19 0A70                        l62 0B64  
                      l47 0A12                        l65 0B0A                        l59 0ABA  
                      l68 0B2A                        l89 09A2                        u15 083E  
                      u25 0854                        u35 0876                        u45 08FA  
                      u46 08FC                       l823 0B4C                       l825 0B4E  
                     l827 0B54                       l791 0836                       l871 0B1A  
                     l793 08F2                       l865 0B0C                       l873 0AEC  
                     l795 08FC                       l867 0B0E                       l875 0AEE  
                     l971 090C                       l797 08FE                       l789 0834  
                     l869 0B14                       l877 0AF4                       l973 0930  
                     l981 0A7A                       l799 0904                       l879 0AFA  
                     l975 0940                       l983 0A84                       l991 09A4  
                     l977 0968                       l969 090A                       l985 0A8A  
                     l993 09B4                       l979 097A                       l987 0A9A  
                     l995 09B6                       l989 0A9E                       l997 09B8  
                     l999 09BA                       u141 0916                       u151 0928  
                     u207 0A60                       u160 0940                       u161 093C  
                     u217 09AA                       u170 097A                       u171 0976  
                     u227 09D0                       u180 0ABA                       u181 0AB6  
                     u237 09DC                       u247 0A00                       u257 0B5A  
                     u267 0B00                       u277 0B20                       u197 0A46  
                     u287 0900                       wreg 000FE8                      l1001 09BC  
                    l1011 09C6                      l1003 09BE                      l1021 09E4  
                    l1013 09C8                      l1005 09C0                      l1023 09F6  
                    l1015 09CE                      l1007 09C2                      l1031 0A52  
                    l1025 0A0E                      l1017 09DA                      l1009 09C4  
                    l1033 0A56                      l1019 09E0                      l1035 0A6C  
                    l1027 0A14                      l1029 0A3C                      STR_1 0822  
                    STR_2 0801                      STR_3 0812                      _main 0A14  
                    indf2 000FDF                      fsr1l 000FE1                      fsr2l 000FD9  
         ?_lcd_print_Text 0028                      start 0000              ___param_bank 000000  
                   ?_main 0001     lcd_setCursor@address1 0009     lcd_setCursor@address2 0018  
         __end_of_lcd_cmd 0908                     tablat 000FF5                     plusw1 000FE3  
                   plusw2 000FDB        lcd_setCursor@F2843 003F        lcd_setCursor@F2845 0030  
                   status 000FD8           __initialization 0ABC           ??_lcd_setCursor 0005  
            __end_of_main 0A78                    ??_main 002E             __activetblptr 000001  
        ??_lcd_display_ON 0004                 ??_lcd_cmd 0001              __pdataCOMRAM 0030  
            __mediumconst 0000                    tblptrh 000FF7                    tblptrl 000FF6  
                  tblptru 000FF8  __size_of_lcd_display_OFF 0020         lcd_print_Text@col 002B  
       lcd_print_Text@row 0028                __accesstop 0060   __end_of__initialization 0ADE  
           ___rparam_used 000001            __pcstackCOMRAM 0001          lcd_setCursor@col 0027  
        lcd_setCursor@row 0004        __size_of_lcd_clear 001A        __size_of_lcd_start 0070  
        ??_lcd_print_Text 002B         ??_lcd_display_OFF 0004                   __Hparam 0000  
                 __Lparam 0000         __end_of_lcd_clear 0B66         __end_of_lcd_start 0A14  
            __psmallconst 0800                   __pcinit 0ABC                   __ramtop 0800  
                 __ptext0 0A14                   __ptext1 09A4                   __ptext2 0A78  
                 __ptext3 0908                   __ptext4 0B4C                   __ptext5 0AEC  
                 __ptext6 0B0C                   __ptext7 0832                   _lcd_cmd 0832  
    end_of_initialization 0ADE                   postdec1 000FE5                   postinc0 000FEE  
   __end_of_lcd_setCursor 09A4                 _PORTBbits 000F81                 _PORTCbits 000F82  
               _TRISBbits 000F93                 _TRISCbits 000F94                lcd_cmd@cmd 0003  
           __pidataCOMRAM 0B2C       start_initialization 0ABC   __size_of_lcd_display_ON 0020  
             __pbssCOMRAM 004F           _lcd_display_OFF 0B0C           _DISPLAY_CONTROL 004E  
               _lcd_clear 0B4C                 _lcd_start 09A4                  ?_lcd_cmd 0001  
             __smallconst 0800   __size_of_lcd_print_Text 0044                ?_lcd_clear 0001  
 __end_of_lcd_display_OFF 0B2C                ?_lcd_start 0001                 copy_data0 0AD0  
                __Hrparam 0000                  __Lrparam 0000              __Lsmallconst 0800  
          _lcd_display_ON 0AEC          __size_of_lcd_cmd 00D6    __size_of_lcd_setCursor 009C  
           __size_of_main 0064    __end_of_lcd_display_ON 0B0C               ??_lcd_clear 0004  
        ?_lcd_display_OFF 0001               ??_lcd_start 002C            _lcd_print_Text 0A78  
         ?_lcd_display_ON 0001             _lcd_setCursor 0908       lcd_print_Text@dados 0029  
  __end_of_lcd_print_Text 0ABC  
